<?xml version="1.0" encoding="UTF-8"?>
<!-- Generated by org.testng.reporters.JUnitXMLReporter -->
<testsuite ignored="2" hostname="DSs-MacBook-Pro" failures="1" tests="10" name="SalesForceRegression" time="121.051" errors="0" timestamp="2022-02-07T16:12:38 PST">
  <testcase classname="com.salesforce.tests.SFLoginTest" name="forgotPassword_TC04A" time="1.121"/>
  <testcase classname="com.salesforce.tests.SFLoginTest" name="forgotPassword_TC04B" time="1.493"/>
  <testcase classname="com.salesforce.tests.SFLoginTest" name="loginRememberMe_TC03" time="7.025"/>
  <testcase classname="com.salesforce.tests.SFLoginTest" name="testLoginWithCredentials_TC02" time="7.074"/>
  <testcase classname="com.salesforce.tests.SFLoginTest" name="testloginError_TC01" time="1.192"/>
  <testcase classname="com.salesforce.tests.UserMenuDropDownTest" name="selctDropDown_TC05" time="5.689"/>
  <testcase classname="com.salesforce.tests.UserMenuDropDownTest" name="selectProfile_TC06" time="30.868">
    <failure type="java.lang.AssertionError" message="file not published expected [true] but found [false]">
      <![CDATA[java.lang.AssertionError: file not published expected [true] but found [false]
at com.salesforce.tests.UserMenuDropDownTest.selectProfile_TC06(UserMenuDropDownTest.java:87)
at java.base/java.util.ArrayList.forEach(ArrayList.java:1510)
... Removed 33 stack frames]]>
    </failure>
  </testcase> <!-- selectProfile_TC06 -->
  <testcase classname="com.salesforce.tests.UserMenuDropDownTest" name="testDeveloperConsole_TC08" time="10.736"/>
  <testcase classname="com.salesforce.tests.UserMenuDropDownTest" name="testLogout_TC09" time="5.521"/>
  <testcase classname="com.salesforce.tests.UserMenuDropDownTest" name="testMySettings_TC07" time="21.036"/>
  <testcase classname="com.salesforce.basetest.BaseTest" name="@BeforeTest initialSetUp" time="0.0">
    <ignored/>
  </testcase> <!-- @BeforeTest initialSetUp -->
  <testcase classname="com.salesforce.basetest.BaseTest" name="@AfterTest endTest" time="0.0">
    <ignored/>
  </testcase> <!-- @AfterTest endTest -->
</testsuite> <!-- SalesForceRegression -->
