<?xml version="1.0" encoding="UTF-8"?>
<!-- Generated by org.testng.reporters.JUnitXMLReporter -->
<testsuite ignored="4" hostname="DSs-MacBook-Pro" failures="0" tests="1" name="SalesForceRegression" time="19.169" errors="0" timestamp="2022-02-07T12:19:19 PST">
  <testcase classname="com.salesforce.tests.RandomScenariosTest" name="TC37" time="16.122"/>
  <testcase classname="com.salesforce.tests.RandomScenariosTest" name="blockingEventTC36" time="0.0">
    <ignored/>
  </testcase> <!-- blockingEventTC36 -->
  <testcase classname="com.salesforce.tests.RandomScenariosTest" name="verifyLastNameTC34" time="0.0">
    <ignored/>
  </testcase> <!-- verifyLastNameTC34 -->
  <testcase classname="com.salesforce.tests.RandomScenariosTest" name="verifyNameHomeTabTC33" time="0.0">
    <ignored/>
  </testcase> <!-- verifyNameHomeTabTC33 -->
  <testcase classname="com.salesforce.tests.RandomScenariosTest" name="verifyTabCustomiTC35" time="0.0">
    <ignored/>
  </testcase> <!-- verifyTabCustomiTC35 -->
</testsuite> <!-- SalesForceRegression -->
