-------------------------------------------------------------------------------
Test set: TestSuite
-------------------------------------------------------------------------------
Tests run: 10, Failures: 1, Errors: 0, Skipped: 0, Time elapsed: 121.619 sec <<< FAILURE! - in TestSuite
selectProfile_TC06(com.salesforce.tests.UserMenuDropDownTest)  Time elapsed: 30.874 sec  <<< FAILURE!
java.lang.AssertionError: file not published expected [true] but found [false]
	at com.salesforce.tests.UserMenuDropDownTest.selectProfile_TC06(UserMenuDropDownTest.java:87)

