<?xml version="1.0" encoding="UTF-8"?>
<testng-results ignored="4" total="5" passed="1" failed="0" skipped="0">
  <reporter-output>
  </reporter-output>
  <suite started-at="2022-02-07T12:19:00 PST" name="SalesForceTestSuite" finished-at="2022-02-07T12:19:19 PST" duration-ms="19169">
    <groups>
    </groups>
    <test started-at="2022-02-07T12:19:00 PST" name="SalesForceRegression" finished-at="2022-02-07T12:19:19 PST" duration-ms="19169">
      <class name="com.salesforce.tests.RandomScenariosTest">
        <test-method is-config="true" signature="initialSetUp()[pri:0, instance:com.salesforce.tests.RandomScenariosTest@6dbb137d]" started-at="2022-02-07T12:19:00 PST" name="initialSetUp" finished-at="2022-02-07T12:19:00 PST" duration-ms="120" status="PASS">
          <reporter-output>
          </reporter-output>
        </test-method> <!-- initialSetUp -->
        <test-method is-config="true" signature="launchApp(java.lang.String,java.lang.reflect.Method)[pri:0, instance:com.salesforce.tests.RandomScenariosTest@6dbb137d]" started-at="2022-02-07T12:19:00 PST" name="launchApp" finished-at="2022-02-07T12:19:03 PST" duration-ms="2564" status="PASS">
          <params>
            <param index="0">
              <value>
                <![CDATA[chrome]]>
              </value>
            </param>
            <param index="1">
              <value>
                <![CDATA[public void com.salesforce.tests.RandomScenariosTest.TC37()]]>
              </value>
            </param>
          </params>
          <reporter-output>
          </reporter-output>
        </test-method> <!-- launchApp -->
        <test-method signature="TC37()[pri:0, instance:com.salesforce.tests.RandomScenariosTest@6dbb137d]" started-at="2022-02-07T12:19:03 PST" name="TC37" finished-at="2022-02-07T12:19:19 PST" duration-ms="16122" status="PASS">
          <reporter-output>
          </reporter-output>
        </test-method> <!-- TC37 -->
        <test-method is-config="true" signature="tearDown(org.testng.ITestResult)[pri:0, instance:com.salesforce.tests.RandomScenariosTest@6dbb137d]" started-at="2022-02-07T12:19:19 PST" name="tearDown" finished-at="2022-02-07T12:19:19 PST" duration-ms="127" status="PASS">
          <params>
            <param index="0">
              <value>
                <![CDATA[[TestResult name=TC37 status=SUCCESS method=RandomScenariosTest.TC37()[pri:0, instance:com.salesforce.tests.RandomScenariosTest@6dbb137d] output={null}]]]>
              </value>
            </param>
          </params>
          <reporter-output>
          </reporter-output>
        </test-method> <!-- tearDown -->
        <test-method is-config="true" signature="endTest()[pri:0, instance:com.salesforce.tests.RandomScenariosTest@6dbb137d]" started-at="2022-02-07T12:19:19 PST" name="endTest" finished-at="2022-02-07T12:19:19 PST" duration-ms="205" status="PASS">
          <reporter-output>
          </reporter-output>
        </test-method> <!-- endTest -->
      </class> <!-- com.salesforce.tests.RandomScenariosTest -->
    </test> <!-- SalesForceRegression -->
  </suite> <!-- SalesForceTestSuite -->
</testng-results>
